[ 2015-06-18T23:50:28+08:00 ] 127.0.0.1 /Webphp/index.php/Course/coulist.html
INFO: [ route_check ] --START--
INFO: CheckRoute Behavior ::run [ RunTime:0.028245s ]
INFO: [ route_check ] --END-- [ RunTime:0.028415s ]
INFO: [ app_begin ] --START--
INFO: ReadHtmlCache Behavior ::run [ RunTime:0.001684s ]
INFO: [ app_begin ] --END-- [ RunTime:0.001821s ]
SQL: SHOW COLUMNS FROM `think_course` [ RunTime:0.108411s ]
NOTIC: [8] Undefined index:  DepartNo D:\AppServ\www\Webphp\App\Lib\Action\CourseAction.class.php 第 35 行.
SQL: SELECT * FROM `think_course` ORDER BY CouID asc  [ RunTime:0.010766s ]
INFO: [ view_parse ] --START--
NOTIC: [8] Undefined offset:  1 D:\AppServ\www\Webphp\ThinkPHP\Lib\Driver\TagLib\TagLibCx.class.php 第 524 行.
INFO: ParseTemplate Behavior ::run [ RunTime:0.262241s ]
INFO: [ view_parse ] --END-- [ RunTime:0.262377s ]
INFO: [ view_filter ] --START--
INFO: ContentReplace Behavior ::run [ RunTime:0.015877s ]
INFO: TokenBuild Behavior ::run [ RunTime:0.001548s ]
INFO: WriteHtmlCache Behavior ::run [ RunTime:0.001760s ]
INFO: ShowRuntime Behavior ::run [ RunTime:0.002179s ]
INFO: [ view_filter ] --END-- [ RunTime:0.021699s ]
INFO: [ view_end ] --START--
INFO: ShowPageTrace Behavior ::run [ RunTime:0.001848s ]
INFO: [ view_end ] --END-- [ RunTime:0.001961s ]

[ 2015-06-18T23:50:28+08:00 ] 127.0.0.1 /Webphp/index.php/Course/coulist.html
INFO: [ route_check ] --START--
INFO: CheckRoute Behavior ::run [ RunTime:0.000923s ]
INFO: [ route_check ] --END-- [ RunTime:0.001032s ]
INFO: [ app_begin ] --START--
INFO: ReadHtmlCache Behavior ::run [ RunTime:0.000583s ]
INFO: [ app_begin ] --END-- [ RunTime:0.000667s ]
SQL: SHOW COLUMNS FROM `think_course` [ RunTime:0.003096s ]
NOTIC: [8] Undefined index:  DepartNo D:\AppServ\www\Webphp\App\Lib\Action\CourseAction.class.php 第 35 行.
SQL: SELECT * FROM `think_course` ORDER BY CouID asc  [ RunTime:0.000811s ]
INFO: [ view_parse ] --START--
NOTIC: [8] Undefined offset:  1 D:\AppServ\www\Webphp\ThinkPHP\Lib\Driver\TagLib\TagLibCx.class.php 第 524 行.
INFO: ParseTemplate Behavior ::run [ RunTime:0.013202s ]
INFO: [ view_parse ] --END-- [ RunTime:0.013314s ]
INFO: [ view_filter ] --START--
INFO: ContentReplace Behavior ::run [ RunTime:0.000395s ]
INFO: TokenBuild Behavior ::run [ RunTime:0.000395s ]
INFO: WriteHtmlCache Behavior ::run [ RunTime:0.000316s ]
INFO: ShowRuntime Behavior ::run [ RunTime:0.000719s ]
INFO: [ view_filter ] --END-- [ RunTime:0.002091s ]
INFO: [ view_end ] --START--
INFO: ShowPageTrace Behavior ::run [ RunTime:0.000856s ]
INFO: [ view_end ] --END-- [ RunTime:0.000968s ]

