[ 2015-06-16T22:32:34+08:00 ] 127.0.0.1 /Webphp/index.php/Course/coulist.html
INFO: [ route_check ] --START--
INFO: CheckRoute Behavior ::run [ RunTime:0.002676s ]
INFO: [ route_check ] --END-- [ RunTime:0.002854s ]
INFO: [ app_begin ] --START--
INFO: ReadHtmlCache Behavior ::run [ RunTime:0.001672s ]
INFO: [ app_begin ] --END-- [ RunTime:0.001820s ]
SQL: SHOW COLUMNS FROM `think_course` [ RunTime:0.053477s ]
NOTIC: [8] Undefined index:  DepartNo D:\AppServ\www\Webphp\App\Lib\Action\CourseAction.class.php 第 35 行.
SQL: SELECT * FROM `think_course` ORDER BY CouID asc  [ RunTime:0.053308s ]
INFO: [ view_parse ] --START--
NOTIC: [8] Undefined offset:  1 D:\AppServ\www\Webphp\ThinkPHP\Lib\Driver\TagLib\TagLibCx.class.php 第 524 行.
INFO: ParseTemplate Behavior ::run [ RunTime:0.093670s ]
INFO: [ view_parse ] --END-- [ RunTime:0.094005s ]
INFO: [ view_filter ] --START--
INFO: ContentReplace Behavior ::run [ RunTime:0.003311s ]
INFO: TokenBuild Behavior ::run [ RunTime:0.003441s ]
INFO: WriteHtmlCache Behavior ::run [ RunTime:0.002045s ]
INFO: ShowRuntime Behavior ::run [ RunTime:0.002916s ]
INFO: [ view_filter ] --END-- [ RunTime:0.012573s ]
INFO: [ view_end ] --START--
INFO: ShowPageTrace Behavior ::run [ RunTime:0.003293s ]
INFO: [ view_end ] --END-- [ RunTime:0.003555s ]

[ 2015-06-16T22:32:36+08:00 ] 127.0.0.1 /Webphp/index.php/Course/coulist.html
INFO: [ route_check ] --START--
INFO: CheckRoute Behavior ::run [ RunTime:0.001547s ]
INFO: [ route_check ] --END-- [ RunTime:0.001725s ]
INFO: [ app_begin ] --START--
INFO: ReadHtmlCache Behavior ::run [ RunTime:0.000921s ]
INFO: [ app_begin ] --END-- [ RunTime:0.001044s ]
SQL: SHOW COLUMNS FROM `think_course` [ RunTime:0.009146s ]
NOTIC: [8] Undefined index:  DepartNo D:\AppServ\www\Webphp\App\Lib\Action\CourseAction.class.php 第 35 行.
SQL: SELECT * FROM `think_course` ORDER BY CouID asc  [ RunTime:0.002606s ]
INFO: [ view_parse ] --START--
NOTIC: [8] Undefined offset:  1 D:\AppServ\www\Webphp\ThinkPHP\Lib\Driver\TagLib\TagLibCx.class.php 第 524 行.
INFO: ParseTemplate Behavior ::run [ RunTime:0.028252s ]
INFO: [ view_parse ] --END-- [ RunTime:0.028494s ]
INFO: [ view_filter ] --START--
INFO: ContentReplace Behavior ::run [ RunTime:0.001099s ]
INFO: TokenBuild Behavior ::run [ RunTime:0.000752s ]
INFO: WriteHtmlCache Behavior ::run [ RunTime:0.000505s ]
INFO: ShowRuntime Behavior ::run [ RunTime:0.000921s ]
INFO: [ view_filter ] --END-- [ RunTime:0.003699s ]
INFO: [ view_end ] --START--
INFO: ShowPageTrace Behavior ::run [ RunTime:0.001239s ]
INFO: [ view_end ] --END-- [ RunTime:0.001388s ]

