[ 2015-06-04T18:54:37+08:00 ] 127.0.0.1 /Webphp/index.php/Course/coulist.html
INFO: [ route_check ] --START--
INFO: CheckRoute Behavior ::run [ RunTime:0.001738s ]
INFO: [ route_check ] --END-- [ RunTime:0.001872s ]
INFO: [ app_begin ] --START--
INFO: ReadHtmlCache Behavior ::run [ RunTime:0.001183s ]
INFO: [ app_begin ] --END-- [ RunTime:0.001287s ]
SQL: SHOW COLUMNS FROM `think_course` [ RunTime:1.298731s ]
NOTIC: [8] Undefined index:  DepartNo D:\AppServ\www\Webphp\App\Lib\Action\CourseAction.class.php 第 30 行.
SQL: SELECT * FROM `think_course` ORDER BY CouID asc  [ RunTime:0.181055s ]
INFO: [ view_parse ] --START--
NOTIC: [8] Undefined offset:  1 D:\AppServ\www\Webphp\ThinkPHP\Lib\Driver\TagLib\TagLibCx.class.php 第 524 行.
INFO: ParseTemplate Behavior ::run [ RunTime:0.433718s ]
INFO: [ view_parse ] --END-- [ RunTime:0.433875s ]
INFO: [ view_filter ] --START--
INFO: ContentReplace Behavior ::run [ RunTime:0.034708s ]
INFO: TokenBuild Behavior ::run [ RunTime:0.001570s ]
INFO: WriteHtmlCache Behavior ::run [ RunTime:0.000968s ]
INFO: ShowRuntime Behavior ::run [ RunTime:0.001346s ]
INFO: [ view_filter ] --END-- [ RunTime:0.038902s ]
INFO: [ view_end ] --START--
INFO: ShowPageTrace Behavior ::run [ RunTime:0.001294s ]
INFO: [ view_end ] --END-- [ RunTime:0.001373s ]

[ 2015-06-04T18:54:37+08:00 ] 127.0.0.1 /Webphp/index.php/Course/coulist.html
INFO: [ route_check ] --START--
INFO: CheckRoute Behavior ::run [ RunTime:0.621896s ]
INFO: [ route_check ] --END-- [ RunTime:0.895955s ]
INFO: [ app_begin ] --START--
INFO: ReadHtmlCache Behavior ::run [ RunTime:0.053211s ]
INFO: [ app_begin ] --END-- [ RunTime:0.053377s ]
SQL: SHOW COLUMNS FROM `think_course` [ RunTime:1.299723s ]
NOTIC: [8] Undefined index:  DepartNo D:\AppServ\www\Webphp\App\Lib\Action\CourseAction.class.php 第 30 行.
SQL: SELECT * FROM `think_course` ORDER BY CouID asc  [ RunTime:0.181028s ]
INFO: [ view_parse ] --START--
NOTIC: [8] Undefined offset:  1 D:\AppServ\www\Webphp\ThinkPHP\Lib\Driver\TagLib\TagLibCx.class.php 第 524 行.
INFO: ParseTemplate Behavior ::run [ RunTime:0.440042s ]
INFO: [ view_parse ] --END-- [ RunTime:0.440200s ]
INFO: [ view_filter ] --START--
INFO: ContentReplace Behavior ::run [ RunTime:0.028499s ]
INFO: TokenBuild Behavior ::run [ RunTime:0.001962s ]
INFO: WriteHtmlCache Behavior ::run [ RunTime:0.001735s ]
INFO: ShowRuntime Behavior ::run [ RunTime:0.001390s ]
INFO: [ view_filter ] --END-- [ RunTime:0.033950s ]
INFO: [ view_end ] --START--
INFO: ShowPageTrace Behavior ::run [ RunTime:0.001584s ]
INFO: [ view_end ] --END-- [ RunTime:0.001713s ]

